

================================================================
== Vivado HLS Report for 'neuron'
================================================================
* Date:           Fri Jun  5 11:12:02 2026

* Version:        2019.1 (Build 2552052 on Fri May 24 15:28:33 MDT 2019)
* Project:        neuron_FP
* Solution:       solution1
* Product family: zynquplus
* Target device:  xczu3eg-sbva484-1-i


================================================================
== Performance Estimates
================================================================
+ Timing (ns): 
    * Summary: 
    +--------+-------+----------+------------+
    |  Clock | Target| Estimated| Uncertainty|
    +--------+-------+----------+------------+
    |ap_clk  |  10.00|     8.286|        1.25|
    +--------+-------+----------+------------+

+ Latency (clock cycles): 
    * Summary: 
    +-----+-----+-----+-----+---------+
    |  Latency  |  Interval | Pipeline|
    | min | max | min | max |   Type  |
    +-----+-----+-----+-----+---------+
    |    6|    6|    6|    6|   none  |
    +-----+-----+-----+-----+---------+

    + Detail: 
        * Instance: 
        N/A

        * Loop: 
        N/A

============================================================
+ Verbose Summary: Synthesis Manager
============================================================
InlineROM: 1
ExposeGlobal: 0
============================================================
+ Verbose Summary: CDFG Model
============================================================
IsTopModel: 1
ResetActiveHigh: 1
IsCombinational: 0
IsDatapathOnly: 0
HasWiredReturn: 1
HasMFsm: 0
HasVarLatency: 1
IsPipeline: 0
IsRtlPipelined: 0
IsInstanceOverlapped: 0
IsDontTouch: 0
HasImplIP: 0
IsGatedGlobalClock: 0


============================================================
+ Verbose Summary: Schedule
============================================================
* Number of FSM states : 7
* Pipeline : 0
* Dataflow Pipeline: 0

* FSM state transitions: 
1 --> 2 
2 --> 3 
3 --> 4 
4 --> 5 
5 --> 6 
6 --> 7 
7 --> 

* FSM state operations: 

State 1 <SV = 0> <Delay = 8.28>
ST_1 : Operation 8 [1/1] (0.00ns)   --->   "%x_read = call float @_ssdm_op_Read.ap_auto.float(float %x) nounwind" [../../../Downloads/HAAI_lab4_source/source/neuron_FP/neuron.cpp:48]   --->   Operation 8 'read' 'x_read' <Predicate = true> <Delay = 0.00>
ST_1 : Operation 9 [1/1] (0.00ns)   --->   "%w_read = call float @_ssdm_op_Read.ap_auto.float(float %w) nounwind" [../../../Downloads/HAAI_lab4_source/source/neuron_FP/neuron.cpp:48]   --->   Operation 9 'read' 'w_read' <Predicate = true> <Delay = 0.00>
ST_1 : Operation 10 [3/3] (8.28ns)   --->   "%tmp = fmul float %w_read, %x_read" [../../../Downloads/HAAI_lab4_source/source/neuron_FP/neuron.cpp:49]   --->   Operation 10 'fmul' 'tmp' <Predicate = true> <Delay = 8.28> <Core = "FMul">   --->   Core 106 'FMul' <Latency = 2> <II = 1> <Delay = 8.28> <FuncUnit> <Opcode : 'fmul'> <InPorts = 2> <OutPorts = 1>

State 2 <SV = 1> <Delay = 8.28>
ST_2 : Operation 11 [2/3] (8.28ns)   --->   "%tmp = fmul float %w_read, %x_read" [../../../Downloads/HAAI_lab4_source/source/neuron_FP/neuron.cpp:49]   --->   Operation 11 'fmul' 'tmp' <Predicate = true> <Delay = 8.28> <Core = "FMul">   --->   Core 106 'FMul' <Latency = 2> <II = 1> <Delay = 8.28> <FuncUnit> <Opcode : 'fmul'> <InPorts = 2> <OutPorts = 1>

State 3 <SV = 2> <Delay = 8.28>
ST_3 : Operation 12 [1/3] (8.28ns)   --->   "%tmp = fmul float %w_read, %x_read" [../../../Downloads/HAAI_lab4_source/source/neuron_FP/neuron.cpp:49]   --->   Operation 12 'fmul' 'tmp' <Predicate = true> <Delay = 8.28> <Core = "FMul">   --->   Core 106 'FMul' <Latency = 2> <II = 1> <Delay = 8.28> <FuncUnit> <Opcode : 'fmul'> <InPorts = 2> <OutPorts = 1>

State 4 <SV = 3> <Delay = 7.71>
ST_4 : Operation 13 [1/1] (0.00ns)   --->   "%b_read = call float @_ssdm_op_Read.ap_auto.float(float %b) nounwind" [../../../Downloads/HAAI_lab4_source/source/neuron_FP/neuron.cpp:48]   --->   Operation 13 'read' 'b_read' <Predicate = true> <Delay = 0.00>
ST_4 : Operation 14 [4/4] (7.71ns)   --->   "%out = fadd float %tmp, %b_read" [../../../Downloads/HAAI_lab4_source/source/neuron_FP/neuron.cpp:49]   --->   Operation 14 'fadd' 'out' <Predicate = true> <Delay = 7.71> <Core = "FAddSub">   --->   Core 105 'FAddSub' <Latency = 3> <II = 1> <Delay = 7.71> <FuncUnit> <Opcode : 'fadd' 'fsub'> <InPorts = 2> <OutPorts = 1>

State 5 <SV = 4> <Delay = 7.71>
ST_5 : Operation 15 [3/4] (7.71ns)   --->   "%out = fadd float %tmp, %b_read" [../../../Downloads/HAAI_lab4_source/source/neuron_FP/neuron.cpp:49]   --->   Operation 15 'fadd' 'out' <Predicate = true> <Delay = 7.71> <Core = "FAddSub">   --->   Core 105 'FAddSub' <Latency = 3> <II = 1> <Delay = 7.71> <FuncUnit> <Opcode : 'fadd' 'fsub'> <InPorts = 2> <OutPorts = 1>

State 6 <SV = 5> <Delay = 7.71>
ST_6 : Operation 16 [2/4] (7.71ns)   --->   "%out = fadd float %tmp, %b_read" [../../../Downloads/HAAI_lab4_source/source/neuron_FP/neuron.cpp:49]   --->   Operation 16 'fadd' 'out' <Predicate = true> <Delay = 7.71> <Core = "FAddSub">   --->   Core 105 'FAddSub' <Latency = 3> <II = 1> <Delay = 7.71> <FuncUnit> <Opcode : 'fadd' 'fsub'> <InPorts = 2> <OutPorts = 1>

State 7 <SV = 6> <Delay = 7.71>
ST_7 : Operation 17 [1/1] (0.00ns)   --->   "call void (...)* @_ssdm_op_SpecBitsMap(float %w) nounwind, !map !7"   --->   Operation 17 'specbitsmap' <Predicate = true> <Delay = 0.00>
ST_7 : Operation 18 [1/1] (0.00ns)   --->   "call void (...)* @_ssdm_op_SpecBitsMap(float %x) nounwind, !map !13"   --->   Operation 18 'specbitsmap' <Predicate = true> <Delay = 0.00>
ST_7 : Operation 19 [1/1] (0.00ns)   --->   "call void (...)* @_ssdm_op_SpecBitsMap(float %b) nounwind, !map !17"   --->   Operation 19 'specbitsmap' <Predicate = true> <Delay = 0.00>
ST_7 : Operation 20 [1/1] (0.00ns)   --->   "call void (...)* @_ssdm_op_SpecBitsMap(float 0.000000e+00) nounwind, !map !21"   --->   Operation 20 'specbitsmap' <Predicate = true> <Delay = 0.00>
ST_7 : Operation 21 [1/1] (0.00ns)   --->   "call void (...)* @_ssdm_op_SpecTopModule([7 x i8]* @neuron_str) nounwind"   --->   Operation 21 'spectopmodule' <Predicate = true> <Delay = 0.00>
ST_7 : Operation 22 [1/4] (7.71ns)   --->   "%out = fadd float %tmp, %b_read" [../../../Downloads/HAAI_lab4_source/source/neuron_FP/neuron.cpp:49]   --->   Operation 22 'fadd' 'out' <Predicate = true> <Delay = 7.71> <Core = "FAddSub">   --->   Core 105 'FAddSub' <Latency = 3> <II = 1> <Delay = 7.71> <FuncUnit> <Opcode : 'fadd' 'fsub'> <InPorts = 2> <OutPorts = 1>
ST_7 : Operation 23 [1/1] (0.00ns)   --->   "ret float %out" [../../../Downloads/HAAI_lab4_source/source/neuron_FP/neuron.cpp:51]   --->   Operation 23 'ret' <Predicate = true> <Delay = 0.00>


============================================================
+ Verbose Summary: Binding
============================================================
STG Binding: 
---------------- STG Properties BEGIN ----------------
- Is combinational: 0
- Is one-state seq: 0
- Is datapath-only: 0
- Is pipelined: 0
- Is top level: 1
Port [ Return ] is wired: 1; IO mode=ap_ctrl_hs:ce=0
Port [ w]:  wired=1; compound=0; hidden=0; nouse=0; global=0; static=0; extern=0; dir=0; type=0; pingpong=0; private_global=0; IO mode=ap_none:ce=0
Port [ x]:  wired=1; compound=0; hidden=0; nouse=0; global=0; static=0; extern=0; dir=0; type=0; pingpong=0; private_global=0; IO mode=ap_none:ce=0
Port [ b]:  wired=1; compound=0; hidden=0; nouse=0; global=0; static=0; extern=0; dir=0; type=0; pingpong=0; private_global=0; IO mode=ap_none:ce=0
---------------- STG Properties END ------------------

---------------- Datapath Model BEGIN ----------------

<LifeTime>
<method=bitvector/>
x_read            (read         ) [ 00110000]
w_read            (read         ) [ 00110000]
tmp               (fmul         ) [ 00001111]
b_read            (read         ) [ 00000111]
specbitsmap_ln0   (specbitsmap  ) [ 00000000]
specbitsmap_ln0   (specbitsmap  ) [ 00000000]
specbitsmap_ln0   (specbitsmap  ) [ 00000000]
specbitsmap_ln0   (specbitsmap  ) [ 00000000]
spectopmodule_ln0 (spectopmodule) [ 00000000]
out               (fadd         ) [ 00000000]
ret_ln51          (ret          ) [ 00000000]
</LifeTime>

<model>

<comp_list>
<comp id="0" class="1000" name="w">
<pin_list>
<pin id="1" dir="1" index="0" bw="1" slack="0"/>
</pin_list>
<bind>
<StgValue><ssdm name="w"/></StgValue>
</bind>
</comp>

<comp id="2" class="1000" name="x">
<pin_list>
<pin id="3" dir="1" index="0" bw="1" slack="0"/>
</pin_list>
<bind>
<StgValue><ssdm name="x"/></StgValue>
</bind>
</comp>

<comp id="4" class="1000" name="b">
<pin_list>
<pin id="5" dir="1" index="0" bw="1" slack="0"/>
</pin_list>
<bind>
<StgValue><ssdm name="b"/></StgValue>
</bind>
</comp>

<comp id="6" class="1001" name="const_6">
<pin_list>
<pin id="7" dir="1" index="0" bw="1" slack="0"/>
</pin_list>
<bind>
<StgValue><ssdm name="_ssdm_op_Read.ap_auto.float"/></StgValue>
</bind>
</comp>

<comp id="8" class="1001" name="const_8">
<pin_list>
<pin id="9" dir="1" index="0" bw="1" slack="2147483647"/>
</pin_list>
<bind>
<StgValue><ssdm name="_ssdm_op_SpecBitsMap"/></StgValue>
</bind>
</comp>

<comp id="10" class="1001" name="const_10">
<pin_list>
<pin id="11" dir="1" index="0" bw="1" slack="2147483647"/>
</pin_list>
<bind>
<StgValue><ssdm name=""/></StgValue>
</bind>
</comp>

<comp id="12" class="1001" name="const_12">
<pin_list>
<pin id="13" dir="1" index="0" bw="1" slack="2147483647"/>
</pin_list>
<bind>
<StgValue><ssdm name="_ssdm_op_SpecTopModule"/></StgValue>
</bind>
</comp>

<comp id="14" class="1001" name="const_14">
<pin_list>
<pin id="15" dir="1" index="0" bw="1" slack="2147483647"/>
</pin_list>
<bind>
<StgValue><ssdm name="neuron_str"/></StgValue>
</bind>
</comp>

<comp id="16" class="1004" name="x_read_read_fu_16">
<pin_list>
<pin id="17" dir="0" index="0" bw="32" slack="0"/>
<pin id="18" dir="0" index="1" bw="32" slack="0"/>
<pin id="19" dir="1" index="2" bw="32" slack="0"/>
</pin_list>
<bind>
<opcode="read(1150) " fcode="read"/>
<opset="x_read/1 "/>
</bind>
</comp>

<comp id="22" class="1004" name="w_read_read_fu_22">
<pin_list>
<pin id="23" dir="0" index="0" bw="32" slack="0"/>
<pin id="24" dir="0" index="1" bw="32" slack="0"/>
<pin id="25" dir="1" index="2" bw="32" slack="0"/>
</pin_list>
<bind>
<opcode="read(1150) " fcode="read"/>
<opset="w_read/1 "/>
</bind>
</comp>

<comp id="28" class="1004" name="b_read_read_fu_28">
<pin_list>
<pin id="29" dir="0" index="0" bw="32" slack="0"/>
<pin id="30" dir="0" index="1" bw="32" slack="0"/>
<pin id="31" dir="1" index="2" bw="32" slack="0"/>
</pin_list>
<bind>
<opcode="read(1150) " fcode="read"/>
<opset="b_read/4 "/>
</bind>
</comp>

<comp id="34" class="1004" name="grp_fu_34">
<pin_list>
<pin id="35" dir="0" index="0" bw="32" slack="1"/>
<pin id="36" dir="0" index="1" bw="32" slack="0"/>
<pin id="37" dir="1" index="2" bw="32" slack="2147483647"/>
</pin_list>
<bind>
<opcode="fadd(9) " fcode="fadd"/>
<opset="out/4 "/>
</bind>
</comp>

<comp id="39" class="1004" name="grp_fu_39">
<pin_list>
<pin id="40" dir="0" index="0" bw="32" slack="0"/>
<pin id="41" dir="0" index="1" bw="32" slack="0"/>
<pin id="42" dir="1" index="2" bw="32" slack="1"/>
</pin_list>
<bind>
<opcode="fmul(13) " fcode="fmul"/>
<opset="tmp/1 "/>
</bind>
</comp>

<comp id="45" class="1005" name="x_read_reg_45">
<pin_list>
<pin id="46" dir="0" index="0" bw="32" slack="1"/>
<pin id="47" dir="1" index="1" bw="32" slack="1"/>
</pin_list>
<bind>
<opset="x_read "/>
</bind>
</comp>

<comp id="50" class="1005" name="w_read_reg_50">
<pin_list>
<pin id="51" dir="0" index="0" bw="32" slack="1"/>
<pin id="52" dir="1" index="1" bw="32" slack="1"/>
</pin_list>
<bind>
<opset="w_read "/>
</bind>
</comp>

<comp id="55" class="1005" name="tmp_reg_55">
<pin_list>
<pin id="56" dir="0" index="0" bw="32" slack="1"/>
<pin id="57" dir="1" index="1" bw="32" slack="1"/>
</pin_list>
<bind>
<opset="tmp "/>
</bind>
</comp>

<comp id="60" class="1005" name="b_read_reg_60">
<pin_list>
<pin id="61" dir="0" index="0" bw="32" slack="1"/>
<pin id="62" dir="1" index="1" bw="32" slack="1"/>
</pin_list>
<bind>
<opset="b_read "/>
</bind>
</comp>

</comp_list>

<net_list>
<net id="20"><net_src comp="6" pin="0"/><net_sink comp="16" pin=0"/></net>

<net id="21"><net_src comp="2" pin="0"/><net_sink comp="16" pin=1"/></net>

<net id="26"><net_src comp="6" pin="0"/><net_sink comp="22" pin=0"/></net>

<net id="27"><net_src comp="0" pin="0"/><net_sink comp="22" pin=1"/></net>

<net id="32"><net_src comp="6" pin="0"/><net_sink comp="28" pin=0"/></net>

<net id="33"><net_src comp="4" pin="0"/><net_sink comp="28" pin=1"/></net>

<net id="38"><net_src comp="28" pin="2"/><net_sink comp="34" pin=1"/></net>

<net id="43"><net_src comp="22" pin="2"/><net_sink comp="39" pin=0"/></net>

<net id="44"><net_src comp="16" pin="2"/><net_sink comp="39" pin=1"/></net>

<net id="48"><net_src comp="16" pin="2"/><net_sink comp="45" pin=0"/></net>

<net id="49"><net_src comp="45" pin="1"/><net_sink comp="39" pin=1"/></net>

<net id="53"><net_src comp="22" pin="2"/><net_sink comp="50" pin=0"/></net>

<net id="54"><net_src comp="50" pin="1"/><net_sink comp="39" pin=0"/></net>

<net id="58"><net_src comp="39" pin="2"/><net_sink comp="55" pin=0"/></net>

<net id="59"><net_src comp="55" pin="1"/><net_sink comp="34" pin=0"/></net>

<net id="63"><net_src comp="28" pin="2"/><net_sink comp="60" pin=0"/></net>

<net id="64"><net_src comp="60" pin="1"/><net_sink comp="34" pin=1"/></net>

</net_list>

</model> 
---------------- Datapath Model END ------------------

* FSMD analyzer results:
  - Output states:
 - Input state : 
	Port: neuron : w | {1 }
	Port: neuron : x | {1 }
	Port: neuron : b | {4 }
  - Chain level:
	State 1
	State 2
	State 3
	State 4
	State 5
	State 6
	State 7
		ret_ln51 : 1


============================================================
+ Verbose Summary: Datapath Resource usage 
============================================================

* Functional unit list:
|----------|-------------------|---------|---------|---------|
| Operation|  Functional Unit  |  DSP48E |    FF   |   LUT   |
|----------|-------------------|---------|---------|---------|
|   fadd   |     grp_fu_34     |    2    |   227   |   214   |
|----------|-------------------|---------|---------|---------|
|   fmul   |     grp_fu_39     |    3    |   128   |   138   |
|----------|-------------------|---------|---------|---------|
|          | x_read_read_fu_16 |    0    |    0    |    0    |
|   read   | w_read_read_fu_22 |    0    |    0    |    0    |
|          | b_read_read_fu_28 |    0    |    0    |    0    |
|----------|-------------------|---------|---------|---------|
|   Total  |                   |    5    |   355   |   352   |
|----------|-------------------|---------|---------|---------|

Memories:
N/A

* Register list:
+-------------+--------+
|             |   FF   |
+-------------+--------+
|b_read_reg_60|   32   |
|  tmp_reg_55 |   32   |
|w_read_reg_50|   32   |
|x_read_reg_45|   32   |
+-------------+--------+
|    Total    |   128  |
+-------------+--------+

* Multiplexer (MUX) list: 
|-----------|------|------|------|--------||---------||---------|
|    Comp   |  Pin | Size |  BW  | S x BW ||  Delay  ||   LUT   |
|-----------|------|------|------|--------||---------||---------|
| grp_fu_34 |  p1  |   2  |  32  |   64   ||    9    |
| grp_fu_39 |  p0  |   2  |  32  |   64   ||    9    |
| grp_fu_39 |  p1  |   2  |  32  |   64   ||    9    |
|-----------|------|------|------|--------||---------||---------|
|   Total   |      |      |      |   192  ||  2.265  ||    27   |
|-----------|------|------|------|--------||---------||---------|



* Summary:
+-----------+--------+--------+--------+--------+
|           | DSP48E |  Delay |   FF   |   LUT  |
+-----------+--------+--------+--------+--------+
|  Function |    5   |    -   |   355  |   352  |
|   Memory  |    -   |    -   |    -   |    -   |
|Multiplexer|    -   |    2   |    -   |   27   |
|  Register |    -   |    -   |   128  |    -   |
+-----------+--------+--------+--------+--------+
|   Total   |    5   |    2   |   483  |   379  |
+-----------+--------+--------+--------+--------+
