

================================================================
== Vivado HLS Report for 'neuron'
================================================================
* Date:           Fri Jun  5 11:12:02 2026

* Version:        2019.1 (Build 2552052 on Fri May 24 15:28:33 MDT 2019)
* Project:        neuron_FP
* Solution:       solution1
* Product family: zynquplus
* Target device:  xczu3eg-sbva484-1-i


================================================================
== Performance Estimates
================================================================
+ Timing (ns): 
    * Summary: 
    +--------+-------+----------+------------+
    |  Clock | Target| Estimated| Uncertainty|
    +--------+-------+----------+------------+
    |ap_clk  |  10.00|     8.286|        1.25|
    +--------+-------+----------+------------+

+ Latency (clock cycles): 
    * Summary: 
    +-----+-----+-----+-----+---------+
    |  Latency  |  Interval | Pipeline|
    | min | max | min | max |   Type  |
    +-----+-----+-----+-----+---------+
    |    6|    6|    6|    6|   none  |
    +-----+-----+-----+-----+---------+

    + Detail: 
        * Instance: 
        N/A

        * Loop: 
        N/A

============================================================
+ Verbose Summary: Synthesis Manager
============================================================
InlineROM: 1
ExposeGlobal: 0
============================================================
+ Verbose Summary: CDFG Model
============================================================
IsTopModel: 1
ResetActiveHigh: 1
IsCombinational: 0
IsDatapathOnly: 0
HasWiredReturn: 1
HasMFsm: 0
HasVarLatency: 1
IsPipeline: 0
IsRtlPipelined: 0
IsInstanceOverlapped: 0
IsDontTouch: 0
HasImplIP: 0
IsGatedGlobalClock: 0


============================================================
+ Verbose Summary: Schedule
============================================================
* Number of FSM states : 7
* Pipeline : 0
* Dataflow Pipeline: 0

* FSM state transitions: 
1 --> 2 
2 --> 3 
3 --> 4 
4 --> 5 
5 --> 6 
6 --> 7 
7 --> 

* FSM state operations: 

State 1 <SV = 0> <Delay = 8.28>
ST_1 : Operation 8 [1/1] (0.00ns)   --->   "%x_read = call float @_ssdm_op_Read.ap_auto.float(float %x) nounwind" [../../../Downloads/HAAI_lab4_source/source/neuron_FP/neuron.cpp:48]   --->   Operation 8 'read' 'x_read' <Predicate = true> <Delay = 0.00>
ST_1 : Operation 9 [1/1] (0.00ns)   --->   "%w_read = call float @_ssdm_op_Read.ap_auto.float(float %w) nounwind" [../../../Downloads/HAAI_lab4_source/source/neuron_FP/neuron.cpp:48]   --->   Operation 9 'read' 'w_read' <Predicate = true> <Delay = 0.00>
ST_1 : Operation 10 [3/3] (8.28ns)   --->   "%tmp = fmul float %w_read, %x_read" [../../../Downloads/HAAI_lab4_source/source/neuron_FP/neuron.cpp:49]   --->   Operation 10 'fmul' 'tmp' <Predicate = true> <Delay = 8.28> <Core = "FMul">   --->   Core 106 'FMul' <Latency = 2> <II = 1> <Delay = 8.28> <FuncUnit> <Opcode : 'fmul'> <InPorts = 2> <OutPorts = 1>

State 2 <SV = 1> <Delay = 8.28>
ST_2 : Operation 11 [2/3] (8.28ns)   --->   "%tmp = fmul float %w_read, %x_read" [../../../Downloads/HAAI_lab4_source/source/neuron_FP/neuron.cpp:49]   --->   Operation 11 'fmul' 'tmp' <Predicate = true> <Delay = 8.28> <Core = "FMul">   --->   Core 106 'FMul' <Latency = 2> <II = 1> <Delay = 8.28> <FuncUnit> <Opcode : 'fmul'> <InPorts = 2> <OutPorts = 1>

State 3 <SV = 2> <Delay = 8.28>
ST_3 : Operation 12 [1/3] (8.28ns)   --->   "%tmp = fmul float %w_read, %x_read" [../../../Downloads/HAAI_lab4_source/source/neuron_FP/neuron.cpp:49]   --->   Operation 12 'fmul' 'tmp' <Predicate = true> <Delay = 8.28> <Core = "FMul">   --->   Core 106 'FMul' <Latency = 2> <II = 1> <Delay = 8.28> <FuncUnit> <Opcode : 'fmul'> <InPorts = 2> <OutPorts = 1>

State 4 <SV = 3> <Delay = 7.71>
ST_4 : Operation 13 [1/1] (0.00ns)   --->   "%b_read = call float @_ssdm_op_Read.ap_auto.float(float %b) nounwind" [../../../Downloads/HAAI_lab4_source/source/neuron_FP/neuron.cpp:48]   --->   Operation 13 'read' 'b_read' <Predicate = true> <Delay = 0.00>
ST_4 : Operation 14 [4/4] (7.71ns)   --->   "%out = fadd float %tmp, %b_read" [../../../Downloads/HAAI_lab4_source/source/neuron_FP/neuron.cpp:49]   --->   Operation 14 'fadd' 'out' <Predicate = true> <Delay = 7.71> <Core = "FAddSub">   --->   Core 105 'FAddSub' <Latency = 3> <II = 1> <Delay = 7.71> <FuncUnit> <Opcode : 'fadd' 'fsub'> <InPorts = 2> <OutPorts = 1>

State 5 <SV = 4> <Delay = 7.71>
ST_5 : Operation 15 [3/4] (7.71ns)   --->   "%out = fadd float %tmp, %b_read" [../../../Downloads/HAAI_lab4_source/source/neuron_FP/neuron.cpp:49]   --->   Operation 15 'fadd' 'out' <Predicate = true> <Delay = 7.71> <Core = "FAddSub">   --->   Core 105 'FAddSub' <Latency = 3> <II = 1> <Delay = 7.71> <FuncUnit> <Opcode : 'fadd' 'fsub'> <InPorts = 2> <OutPorts = 1>

State 6 <SV = 5> <Delay = 7.71>
ST_6 : Operation 16 [2/4] (7.71ns)   --->   "%out = fadd float %tmp, %b_read" [../../../Downloads/HAAI_lab4_source/source/neuron_FP/neuron.cpp:49]   --->   Operation 16 'fadd' 'out' <Predicate = true> <Delay = 7.71> <Core = "FAddSub">   --->   Core 105 'FAddSub' <Latency = 3> <II = 1> <Delay = 7.71> <FuncUnit> <Opcode : 'fadd' 'fsub'> <InPorts = 2> <OutPorts = 1>

State 7 <SV = 6> <Delay = 7.71>
ST_7 : Operation 17 [1/1] (0.00ns)   --->   "call void (...)* @_ssdm_op_SpecBitsMap(float %w) nounwind, !map !7"   --->   Operation 17 'specbitsmap' <Predicate = true> <Delay = 0.00>
ST_7 : Operation 18 [1/1] (0.00ns)   --->   "call void (...)* @_ssdm_op_SpecBitsMap(float %x) nounwind, !map !13"   --->   Operation 18 'specbitsmap' <Predicate = true> <Delay = 0.00>
ST_7 : Operation 19 [1/1] (0.00ns)   --->   "call void (...)* @_ssdm_op_SpecBitsMap(float %b) nounwind, !map !17"   --->   Operation 19 'specbitsmap' <Predicate = true> <Delay = 0.00>
ST_7 : Operation 20 [1/1] (0.00ns)   --->   "call void (...)* @_ssdm_op_SpecBitsMap(float 0.000000e+00) nounwind, !map !21"   --->   Operation 20 'specbitsmap' <Predicate = true> <Delay = 0.00>
ST_7 : Operation 21 [1/1] (0.00ns)   --->   "call void (...)* @_ssdm_op_SpecTopModule([7 x i8]* @neuron_str) nounwind"   --->   Operation 21 'spectopmodule' <Predicate = true> <Delay = 0.00>
ST_7 : Operation 22 [1/4] (7.71ns)   --->   "%out = fadd float %tmp, %b_read" [../../../Downloads/HAAI_lab4_source/source/neuron_FP/neuron.cpp:49]   --->   Operation 22 'fadd' 'out' <Predicate = true> <Delay = 7.71> <Core = "FAddSub">   --->   Core 105 'FAddSub' <Latency = 3> <II = 1> <Delay = 7.71> <FuncUnit> <Opcode : 'fadd' 'fsub'> <InPorts = 2> <OutPorts = 1>
ST_7 : Operation 23 [1/1] (0.00ns)   --->   "ret float %out" [../../../Downloads/HAAI_lab4_source/source/neuron_FP/neuron.cpp:51]   --->   Operation 23 'ret' <Predicate = true> <Delay = 0.00>


============================================================
+ Verbose Summary: Timing violations
============================================================
Target clock period: 10ns, clock uncertainty: 1.25ns.

 <State 1>: 8.29ns
The critical path consists of the following:
	wire read on port 'x' (../../../Downloads/HAAI_lab4_source/source/neuron_FP/neuron.cpp:48) [10]  (0 ns)
	'fmul' operation ('tmp', ../../../Downloads/HAAI_lab4_source/source/neuron_FP/neuron.cpp:49) [12]  (8.29 ns)

 <State 2>: 8.29ns
The critical path consists of the following:
	'fmul' operation ('tmp', ../../../Downloads/HAAI_lab4_source/source/neuron_FP/neuron.cpp:49) [12]  (8.29 ns)

 <State 3>: 8.29ns
The critical path consists of the following:
	'fmul' operation ('tmp', ../../../Downloads/HAAI_lab4_source/source/neuron_FP/neuron.cpp:49) [12]  (8.29 ns)

 <State 4>: 7.72ns
The critical path consists of the following:
	wire read on port 'b' (../../../Downloads/HAAI_lab4_source/source/neuron_FP/neuron.cpp:48) [9]  (0 ns)
	'fadd' operation ('out', ../../../Downloads/HAAI_lab4_source/source/neuron_FP/neuron.cpp:49) [13]  (7.72 ns)

 <State 5>: 7.72ns
The critical path consists of the following:
	'fadd' operation ('out', ../../../Downloads/HAAI_lab4_source/source/neuron_FP/neuron.cpp:49) [13]  (7.72 ns)

 <State 6>: 7.72ns
The critical path consists of the following:
	'fadd' operation ('out', ../../../Downloads/HAAI_lab4_source/source/neuron_FP/neuron.cpp:49) [13]  (7.72 ns)

 <State 7>: 7.72ns
The critical path consists of the following:
	'fadd' operation ('out', ../../../Downloads/HAAI_lab4_source/source/neuron_FP/neuron.cpp:49) [13]  (7.72 ns)


============================================================
+ Verbose Summary: Binding
============================================================
N/A
* FSMD analyzer results:
  - Output states:
 - Input state : 
  - Chain level:
	State 1
	State 2
	State 3
	State 4
	State 5
	State 6
	State 7


============================================================
+ Verbose Summary: Datapath Resource usage 
============================================================
N/A
