0 Neuron Output Floating Point with float precision: 107.587814 
1 Neuron Output Floating Point with float precision: 120.962540 
2 Neuron Output Floating Point with float precision: 134.337265 
3 Neuron Output Floating Point with float precision: 147.711990 
4 Neuron Output Floating Point with float precision: 161.086716 
5 Neuron Output Floating Point with float precision: 174.461441 
6 Neuron Output Floating Point with float precision: 187.836151 
7 Neuron Output Floating Point with float precision: 201.210876 
8 Neuron Output Floating Point with float precision: 214.585602 
9 Neuron Output Floating Point with float precision: 227.960327 
10 Neuron Output Floating Point with float precision: 241.335052 
0 Neuron Output Floating Point with float precision: 107.587814 
1 Neuron Output Floating Point with float precision: 120.962540 
2 Neuron Output Floating Point with float precision: 134.337265 
3 Neuron Output Floating Point with float precision: 147.711990 
4 Neuron Output Floating Point with float precision: 161.086716 
5 Neuron Output Floating Point with float precision: 174.461441 
6 Neuron Output Floating Point with float precision: 187.836151 
7 Neuron Output Floating Point with float precision: 201.210876 
8 Neuron Output Floating Point with float precision: 214.585602 
9 Neuron Output Floating Point with float precision: 227.960327 
10 Neuron Output Floating Point with float precision: 241.335052 
INFO: [XSIM 43-3496] Using init file passed via -initfile option "/home/sten/vivado/Vivado/2019.1/data/xsim/ip/xsim_ip.ini".
Vivado Simulator 2019.1
Copyright 1986-1999, 2001-2019 Xilinx, Inc. All Rights Reserved.
Running: /home/sten/vivado/Vivado/2019.1/bin/unwrapped/lnx64.o/xelab xil_defaultlib.apatb_neuron_top glbl -prj neuron.prj -L smartconnect_v1_0 -L axi_protocol_checker_v1_1_12 -L axi_protocol_checker_v1_1_13 -L axis_protocol_checker_v1_1_11 -L axis_protocol_checker_v1_1_12 -L xil_defaultlib -L unisims_ver -L xpm --initfile /home/sten/vivado/Vivado/2019.1/data/xsim/ip/xsim_ip.ini --lib ieee_proposed=./ieee_proposed -s neuron -debug wave 
Multi-threading is on. Using 6 slave threads.
Determining compilation order of HDL files.
INFO: [VRFC 10-2263] Analyzing SystemVerilog file "/home/sten/vivado/Vivado/2019.1/neuron_FP/solution1/sim/verilog/glbl.v" into library work
INFO: [VRFC 10-311] analyzing module glbl
INFO: [VRFC 10-2263] Analyzing SystemVerilog file "/home/sten/vivado/Vivado/2019.1/neuron_FP/solution1/sim/verilog/neuron_fadd_32ns_32ns_32_4_full_dsp_1.v" into library xil_defaultlib
INFO: [VRFC 10-311] analyzing module neuron_fadd_32ns_32ns_32_4_full_dsp_1
INFO: [VRFC 10-2263] Analyzing SystemVerilog file "/home/sten/vivado/Vivado/2019.1/neuron_FP/solution1/sim/verilog/neuron_fmul_32ns_32ns_32_3_max_dsp_1.v" into library xil_defaultlib
INFO: [VRFC 10-311] analyzing module neuron_fmul_32ns_32ns_32_3_max_dsp_1
INFO: [VRFC 10-2263] Analyzing SystemVerilog file "/home/sten/vivado/Vivado/2019.1/neuron_FP/solution1/sim/verilog/neuron.v" into library xil_defaultlib
INFO: [VRFC 10-311] analyzing module neuron
INFO: [VRFC 10-2263] Analyzing SystemVerilog file "/home/sten/vivado/Vivado/2019.1/neuron_FP/solution1/sim/verilog/neuron.autotb.v" into library xil_defaultlib
INFO: [VRFC 10-311] analyzing module apatb_neuron_top
INFO: [VRFC 10-163] Analyzing VHDL file "/home/sten/vivado/Vivado/2019.1/neuron_FP/solution1/sim/verilog/ip/xil_defaultlib/neuron_ap_fmul_1_max_dsp_32.vhd" into library xil_defaultlib
INFO: [VRFC 10-3107] analyzing entity 'neuron_ap_fmul_1_max_dsp_32'
INFO: [VRFC 10-163] Analyzing VHDL file "/home/sten/vivado/Vivado/2019.1/neuron_FP/solution1/sim/verilog/ip/xil_defaultlib/neuron_ap_fadd_2_full_dsp_32.vhd" into library xil_defaultlib
INFO: [VRFC 10-3107] analyzing entity 'neuron_ap_fadd_2_full_dsp_32'
Starting static elaboration
WARNING: [VRFC 10-3499] library name 'floating_point_v7_1_8' of instantiated unit conflicts with visible identifier [ip/xil_defaultlib/neuron_ap_fadd_2_full_dsp_32.vhd:201]
WARNING: [VRFC 10-3499] library name 'floating_point_v7_1_8' of instantiated unit conflicts with visible identifier [ip/xil_defaultlib/neuron_ap_fmul_1_max_dsp_32.vhd:201]
Completed static elaboration
Starting simulation data flow analysis
Completed simulation data flow analysis
Time Resolution for simulation is 1ps
Compiling package std.standard
Compiling package std.textio
Compiling package ieee.std_logic_1164
Compiling package ieee.numeric_std
Compiling package floating_point_v7_1_8.floating_point_v7_1_8_viv_comp
Compiling package xbip_utils_v3_0_10.xbip_utils_v3_0_10_pkg
Compiling package axi_utils_v2_0_6.axi_utils_v2_0_6_pkg
Compiling package floating_point_v7_1_8.floating_point_v7_1_8_consts
Compiling package ieee.math_real
Compiling package floating_point_v7_1_8.floating_point_v7_1_8_exp_table_...
Compiling package mult_gen_v12_0_15.mult_gen_v12_0_15_pkg
Compiling package ieee.std_logic_arith
Compiling package ieee.std_logic_signed
Compiling package floating_point_v7_1_8.floating_point_v7_1_8_pkg
Compiling package floating_point_v7_1_8.flt_utils
Compiling package xbip_pipe_v3_0_6.xbip_pipe_v3_0_6_viv_comp
Compiling package unisim.vcomponents
Compiling package ieee.vital_timing
Compiling package ieee.vital_primitives
Compiling package unisim.vpkg
Compiling architecture muxcy_v of entity unisim.MUXCY [muxcy_default]
Compiling architecture synth of entity xbip_pipe_v3_0_6.xbip_pipe_v3_0_6_viv [\xbip_pipe_v3_0_6_viv(c_has_ce=1...]
Compiling architecture rtl of entity floating_point_v7_1_8.delay [\delay(width=7,length=0)\]
Compiling architecture struct of entity floating_point_v7_1_8.carry_chain [\carry_chain(c_xdevicefamily="zy...]
Compiling architecture synth of entity floating_point_v7_1_8.compare_eq_im [\compare_eq_im(c_xdevicefamily="...]
Compiling architecture xorcy_v of entity unisim.XORCY [xorcy_default]
Compiling architecture struct of entity floating_point_v7_1_8.carry_chain [\carry_chain(c_xdevicefamily="zy...]
Compiling architecture synth of entity xbip_pipe_v3_0_6.xbip_pipe_v3_0_6_viv [\xbip_pipe_v3_0_6_viv(c_has_ce=1...]
Compiling architecture rtl of entity floating_point_v7_1_8.delay [\delay(length=0)\]
Compiling architecture synth of entity xbip_pipe_v3_0_6.xbip_pipe_v3_0_6_viv [\xbip_pipe_v3_0_6_viv(c_has_ce=1...]
Compiling architecture rtl of entity floating_point_v7_1_8.delay [\delay(width=24,length=0,fast_in...]
Compiling architecture synth of entity xbip_pipe_v3_0_6.xbip_pipe_v3_0_6_viv [\xbip_pipe_v3_0_6_viv(c_has_ce=1...]
Compiling architecture rtl of entity floating_point_v7_1_8.delay [\delay(width=16,length=0)\]
Compiling architecture synth of entity xbip_pipe_v3_0_6.xbip_pipe_v3_0_6_viv [\xbip_pipe_v3_0_6_viv(c_has_ce=1...]
Compiling architecture rtl of entity floating_point_v7_1_8.delay [\delay(width=4,length=0)\]
Compiling architecture synth of entity xbip_pipe_v3_0_6.xbip_pipe_v3_0_6_viv [\xbip_pipe_v3_0_6_viv(c_has_ce=1...]
Compiling architecture rtl of entity floating_point_v7_1_8.delay [\delay(width=48,length=0)\]
Compiling architecture synth of entity xbip_pipe_v3_0_6.xbip_pipe_v3_0_6_viv [\xbip_pipe_v3_0_6_viv(c_has_ce=1...]
Compiling architecture rtl of entity floating_point_v7_1_8.delay [\delay(width=24,length=0)\]
Compiling architecture dsp48e1_v of entity unisim.DSP48E1 [\DSP48E1(acascreg=0,adreg=0,alum...]
Compiling architecture rtl of entity floating_point_v7_1_8.dsp48e1_wrapper [\dsp48e1_wrapper(a_width=24,c_wi...]
Compiling architecture synth of entity xbip_pipe_v3_0_6.xbip_pipe_v3_0_6_viv [\xbip_pipe_v3_0_6_viv(c_has_ce=1...]
Compiling architecture rtl of entity floating_point_v7_1_8.delay [\delay(width=13,length=0)\]
Compiling architecture synth of entity xbip_pipe_v3_0_6.xbip_pipe_v3_0_6_viv [\xbip_pipe_v3_0_6_viv(c_has_ce=1...]
Compiling architecture rtl of entity floating_point_v7_1_8.delay [\delay(width=27,length=0)\]
Compiling architecture synth of entity floating_point_v7_1_8.align_add_dsp48e1_sgl [\align_add_dsp48e1_sgl(c_xdevice...]
Compiling architecture fdre_v of entity unisim.FDRE [fdre_default]
Compiling architecture fde_v of entity unisim.FDE [fde_default]
Compiling architecture lut5_v of entity unisim.LUT5 [\LUT5(init="00000000000000001111...]
Compiling architecture lut5_v of entity unisim.LUT5 [\LUT5(init="00000000000000000000...]
Compiling architecture synth of entity xbip_pipe_v3_0_6.xbip_pipe_v3_0_6_viv [\xbip_pipe_v3_0_6_viv(c_latency=...]
Compiling architecture rtl of entity floating_point_v7_1_8.delay [\delay(width=27)\]
Compiling architecture synth of entity xbip_pipe_v3_0_6.xbip_pipe_v3_0_6_viv [\xbip_pipe_v3_0_6_viv(c_latency=...]
Compiling architecture rtl of entity floating_point_v7_1_8.delay [delay_default]
Compiling architecture synth of entity xbip_pipe_v3_0_6.xbip_pipe_v3_0_6_viv [\xbip_pipe_v3_0_6_viv(c_has_ce=1...]
Compiling architecture rtl of entity floating_point_v7_1_8.delay [\delay(width=5,length=0)\]
Compiling architecture rtl of entity floating_point_v7_1_8.lead_zero_encode_shift [\lead_zero_encode_shift(ab_fw=24...]
Compiling architecture synth of entity xbip_pipe_v3_0_6.xbip_pipe_v3_0_6_viv [\xbip_pipe_v3_0_6_viv(c_latency=...]
Compiling architecture rtl of entity floating_point_v7_1_8.delay [\delay(width=4)\]
Compiling architecture synth of entity xbip_pipe_v3_0_6.xbip_pipe_v3_0_6_viv [\xbip_pipe_v3_0_6_viv(c_latency=...]
Compiling architecture rtl of entity floating_point_v7_1_8.delay [\delay(width=3)\]
Compiling architecture lut6_v of entity unisim.LUT6 [\LUT6(init="11111110010101001011...]
Compiling architecture lut5_v of entity unisim.LUT5 [\LUT5(init="00010001010111110000...]
Compiling architecture lut5_v of entity unisim.LUT5 [\LUT5(init="11101110101000001111...]
Compiling architecture synth of entity xbip_pipe_v3_0_6.xbip_pipe_v3_0_6_viv [\xbip_pipe_v3_0_6_viv(c_has_ce=1...]
Compiling architecture rtl of entity floating_point_v7_1_8.delay [\delay(width=2,length=0)\]
Compiling architecture synth of entity xbip_pipe_v3_0_6.xbip_pipe_v3_0_6_viv [\xbip_pipe_v3_0_6_viv(c_has_ce=1...]
Compiling architecture rtl of entity floating_point_v7_1_8.delay [\delay(width=25,length=0)\]
Compiling architecture dsp48e1_v of entity unisim.DSP48E1 [\DSP48E1(acascreg=0,adreg=0,alum...]
Compiling architecture rtl of entity floating_point_v7_1_8.dsp48e1_wrapper [\dsp48e1_wrapper(a_width=24,c_wi...]
Compiling architecture rtl of entity floating_point_v7_1_8.norm_and_round_dsp48e1_sgl [\norm_and_round_dsp48e1_sgl(c_mu...]
Compiling architecture lut5_v of entity unisim.LUT5 [\LUT5(init="10011001100110011001...]
Compiling architecture lut5_v of entity unisim.LUT5 [\LUT5(init="11111111000000001111...]
Compiling architecture synth of entity xbip_pipe_v3_0_6.xbip_pipe_v3_0_6_viv [\xbip_pipe_v3_0_6_viv(c_has_ce=1...]
Compiling architecture rtl of entity floating_point_v7_1_8.delay [\delay(width=9,length=0)\]
Compiling architecture struct of entity floating_point_v7_1_8.carry_chain [\carry_chain(c_xdevicefamily="zy...]
Compiling architecture synth of entity xbip_pipe_v3_0_6.xbip_pipe_v3_0_6_viv [\xbip_pipe_v3_0_6_viv(c_has_ce=1...]
Compiling architecture rtl of entity floating_point_v7_1_8.delay [\delay(width=8,length=0)\]
Compiling architecture synth of entity xbip_pipe_v3_0_6.xbip_pipe_v3_0_6_viv [\xbip_pipe_v3_0_6_viv(c_has_ce=1...]
Compiling architecture rtl of entity floating_point_v7_1_8.delay [\delay(width=10,length=0)\]
Compiling architecture synth of entity xbip_pipe_v3_0_6.xbip_pipe_v3_0_6_viv [\xbip_pipe_v3_0_6_viv(c_has_ce=1...]
Compiling architecture rtl of entity floating_point_v7_1_8.delay [\delay(width=4,length=0,fast_inp...]
Compiling architecture struct of entity floating_point_v7_1_8.carry_chain [\carry_chain(c_xdevicefamily="zy...]
Compiling architecture synth of entity floating_point_v7_1_8.compare_eq_im [\compare_eq_im(c_xdevicefamily="...]
Compiling architecture synth of entity xbip_pipe_v3_0_6.xbip_pipe_v3_0_6_viv [\xbip_pipe_v3_0_6_viv(c_latency=...]
Compiling architecture rtl of entity floating_point_v7_1_8.delay [\delay(fast_input=true)\]
Compiling architecture rtl of entity floating_point_v7_1_8.special_detect [\special_detect(c_xdevicefamily=...]
Compiling architecture struct of entity floating_point_v7_1_8.carry_chain [\carry_chain(c_xdevicefamily="zy...]
Compiling architecture synth of entity floating_point_v7_1_8.compare_gt [\compare_gt(c_xdevicefamily="zyn...]
Compiling architecture synth of entity floating_point_v7_1_8.compare [\compare(c_xdevicefamily="zynqup...]
Compiling architecture synth of entity xbip_pipe_v3_0_6.xbip_pipe_v3_0_6_viv [\xbip_pipe_v3_0_6_viv(c_latency=...]
Compiling architecture rtl of entity floating_point_v7_1_8.delay [\delay(width=8)\]
Compiling architecture synth of entity xbip_pipe_v3_0_6.xbip_pipe_v3_0_6_viv [\xbip_pipe_v3_0_6_viv(c_latency=...]
Compiling architecture rtl of entity floating_point_v7_1_8.delay [\delay(width=9)\]
Compiling architecture synth of entity xbip_pipe_v3_0_6.xbip_pipe_v3_0_6_viv [\xbip_pipe_v3_0_6_viv(c_latency=...]
Compiling architecture rtl of entity floating_point_v7_1_8.delay [\delay(width=2,fast_input=true)\]
Compiling architecture synth of entity xbip_pipe_v3_0_6.xbip_pipe_v3_0_6_viv [\xbip_pipe_v3_0_6_viv(c_has_ce=1...]
Compiling architecture rtl of entity floating_point_v7_1_8.delay [\delay(length=0,fast_input=true)...]
Compiling architecture synth of entity xbip_pipe_v3_0_6.xbip_pipe_v3_0_6_viv [\xbip_pipe_v3_0_6_viv(c_has_ce=1...]
Compiling architecture rtl of entity floating_point_v7_1_8.delay [\delay(width=2,length=0,fast_inp...]
Compiling architecture synth of entity xbip_pipe_v3_0_6.xbip_pipe_v3_0_6_viv [\xbip_pipe_v3_0_6_viv(c_has_ce=1...]
Compiling architecture rtl of entity floating_point_v7_1_8.delay [\delay(width=12,length=0)\]
Compiling architecture rtl of entity floating_point_v7_1_8.flt_add_exp_sp [\flt_add_exp_sp(c_xdevicefamily=...]
Compiling architecture synth of entity xbip_pipe_v3_0_6.xbip_pipe_v3_0_6_viv [\xbip_pipe_v3_0_6_viv(c_latency=...]
Compiling architecture rtl of entity floating_point_v7_1_8.delay [\delay(width=23)\]
Compiling architecture synth of entity floating_point_v7_1_8.flt_dec_op [\flt_dec_op(c_xdevicefamily="zyn...]
Compiling architecture rtl of entity floating_point_v7_1_8.flt_add_dsp [\flt_add_dsp(c_xdevicefamily="zy...]
Compiling architecture rtl of entity floating_point_v7_1_8.flt_add [\flt_add(c_xdevicefamily="zynqup...]
Compiling architecture synth of entity xbip_pipe_v3_0_6.xbip_pipe_v3_0_6_viv [\xbip_pipe_v3_0_6_viv(c_latency=...]
Compiling architecture synth of entity xbip_pipe_v3_0_6.xbip_pipe_v3_0_6_viv [\xbip_pipe_v3_0_6_viv(c_has_ce=1...]
Compiling architecture rtl of entity floating_point_v7_1_8.delay [\delay(width=32,length=0)\]
Compiling architecture xilinx of entity floating_point_v7_1_8.floating_point_v7_1_8_viv [\floating_point_v7_1_8_viv(c_xde...]
Compiling architecture xilinx of entity floating_point_v7_1_8.floating_point_v7_1_8 [\floating_point_v7_1_8(c_xdevice...]
Compiling architecture neuron_ap_fadd_2_full_dsp_32_arch of entity xil_defaultlib.neuron_ap_fadd_2_full_dsp_32 [neuron_ap_fadd_2_full_dsp_32_def...]
Compiling module xil_defaultlib.neuron_fadd_32ns_32ns_32_4_full_...
Compiling architecture synth of entity xbip_pipe_v3_0_6.xbip_pipe_v3_0_6_viv [\xbip_pipe_v3_0_6_viv(c_has_ce=1...]
Compiling architecture rtl of entity floating_point_v7_1_8.delay [\delay(width=17,length=0)\]
Compiling architecture dsp48e1_v of entity unisim.DSP48E1 [\DSP48E1(acascreg=0,adreg=0,alum...]
Compiling architecture rtl of entity floating_point_v7_1_8.dsp48e1_wrapper [\dsp48e1_wrapper(a_width=24,b_wi...]
Compiling architecture dsp48e1_v of entity unisim.DSP48E1 [\DSP48E1(acascreg=0,adreg=0,alum...]
Compiling architecture rtl of entity floating_point_v7_1_8.dsp48e1_wrapper [\dsp48e1_wrapper(a_width=24,b_wi...]
Compiling architecture struct of entity floating_point_v7_1_8.fix_mult_dsp48e1_sgl [\fix_mult_dsp48e1_sgl(registers=...]
Compiling architecture rtl of entity floating_point_v7_1_8.fix_mult [\fix_mult(c_xdevicefamily="zynqu...]
Compiling architecture synth of entity xbip_pipe_v3_0_6.xbip_pipe_v3_0_6_viv [\xbip_pipe_v3_0_6_viv(c_has_ce=1...]
Compiling architecture rtl of entity floating_point_v7_1_8.delay [\delay(width=8,length=0,fast_inp...]
Compiling architecture struct of entity floating_point_v7_1_8.carry_chain [\carry_chain(c_xdevicefamily="zy...]
Compiling architecture struct of entity floating_point_v7_1_8.carry_chain [\carry_chain(c_xdevicefamily="zy...]
Compiling architecture synth of entity floating_point_v7_1_8.compare_eq_im [\compare_eq_im(c_xdevicefamily="...]
Compiling architecture rtl of entity floating_point_v7_1_8.special_detect [\special_detect(c_xdevicefamily=...]
Compiling architecture synth of entity xbip_pipe_v3_0_6.xbip_pipe_v3_0_6_viv [\xbip_pipe_v3_0_6_viv(c_has_ce=1...]
Compiling architecture rtl of entity floating_point_v7_1_8.delay [\delay(width=3,length=0,fast_inp...]
Compiling architecture synth of entity xbip_pipe_v3_0_6.xbip_pipe_v3_0_6_viv [\xbip_pipe_v3_0_6_viv(c_has_ce=1...]
Compiling architecture rtl of entity floating_point_v7_1_8.delay [\delay(width=14,length=0)\]
Compiling architecture rtl of entity floating_point_v7_1_8.flt_mult_exp [\flt_mult_exp(c_xdevicefamily="z...]
Compiling architecture synth of entity xbip_pipe_v3_0_6.xbip_pipe_v3_0_6_viv [\xbip_pipe_v3_0_6_viv(c_has_ce=1...]
Compiling architecture rtl of entity floating_point_v7_1_8.delay [\delay(width=30,length=0)\]
Compiling architecture synth of entity xbip_pipe_v3_0_6.xbip_pipe_v3_0_6_viv [\xbip_pipe_v3_0_6_viv(c_has_ce=1...]
Compiling architecture rtl of entity floating_point_v7_1_8.delay [\delay(width=18,length=0)\]
Compiling architecture dsp48e1_v of entity unisim.DSP48E1 [\DSP48E1(acascreg=0,adreg=0,alum...]
Compiling architecture rtl of entity floating_point_v7_1_8.dsp48e1_wrapper [\dsp48e1_wrapper(a_width=30,b_wi...]
Compiling architecture struct of entity floating_point_v7_1_8.flt_round_dsp_opt_full [\flt_round_dsp_opt_full(c_xdevic...]
Compiling architecture rtl of entity floating_point_v7_1_8.flt_mult_round [\flt_mult_round(c_xdevicefamily=...]
Compiling architecture synth of entity floating_point_v7_1_8.flt_dec_op_lat [\flt_dec_op_lat(c_xdevicefamily=...]
Compiling architecture rtl of entity floating_point_v7_1_8.flt_mult [\flt_mult(c_xdevicefamily="zynqu...]
Compiling architecture xilinx of entity floating_point_v7_1_8.floating_point_v7_1_8_viv [\floating_point_v7_1_8_viv(c_xde...]
Compiling architecture xilinx of entity floating_point_v7_1_8.floating_point_v7_1_8 [\floating_point_v7_1_8(c_xdevice...]
Compiling architecture neuron_ap_fmul_1_max_dsp_32_arch of entity xil_defaultlib.neuron_ap_fmul_1_max_dsp_32 [neuron_ap_fmul_1_max_dsp_32_defa...]
Compiling module xil_defaultlib.neuron_fmul_32ns_32ns_32_3_max_d...
Compiling module xil_defaultlib.neuron
Compiling module xil_defaultlib.apatb_neuron_top
Compiling module work.glbl
Built simulation snapshot neuron

****** Webtalk v2019.1 (64-bit)
  **** SW Build 2552052 on Fri May 24 14:47:09 MDT 2019
  **** IP Build 2548770 on Fri May 24 18:01:18 MDT 2019
    ** Copyright 1986-2019 Xilinx, Inc. All Rights Reserved.

source /home/sten/vivado/Vivado/2019.1/neuron_FP/solution1/sim/verilog/xsim.dir/neuron/webtalk/xsim_webtalk.tcl -notrace
INFO: [Common 17-206] Exiting Webtalk at Fri Jun  5 11:15:14 2026...

****** xsim v2019.1 (64-bit)
  **** SW Build 2552052 on Fri May 24 14:47:09 MDT 2019
  **** IP Build 2548770 on Fri May 24 18:01:18 MDT 2019
    ** Copyright 1986-2019 Xilinx, Inc. All Rights Reserved.

start_gui
INFO: [Common 17-206] Exiting xsim at Fri Jun  5 11:18:20 2026...
0 Neuron Output Floating Point with float precision: 107.587814 
1 Neuron Output Floating Point with float precision: 120.962540 
2 Neuron Output Floating Point with float precision: 134.337265 
3 Neuron Output Floating Point with float precision: 147.711990 
4 Neuron Output Floating Point with float precision: 161.086716 
5 Neuron Output Floating Point with float precision: 174.461441 
6 Neuron Output Floating Point with float precision: 187.836151 
7 Neuron Output Floating Point with float precision: 201.210876 
8 Neuron Output Floating Point with float precision: 214.585602 
9 Neuron Output Floating Point with float precision: 227.960327 
10 Neuron Output Floating Point with float precision: 241.335052 
