

================================================================
== Vivado HLS Report for 'neuron'
================================================================
* Date:           Fri Jun 26 11:54:36 2026

* Version:        2019.1 (Build 2552052 on Fri May 24 15:28:33 MDT 2019)
* Project:        neuron_FxP
* Solution:       solution1
* Product family: zynquplus
* Target device:  xczu3eg-sbva484-1-i


================================================================
== Performance Estimates
================================================================
+ Timing (ns): 
    * Summary: 
    +--------+-------+----------+------------+
    |  Clock | Target| Estimated| Uncertainty|
    +--------+-------+----------+------------+
    |ap_clk  |  10.00|     2.846|        1.25|
    +--------+-------+----------+------------+

+ Latency (clock cycles): 
    * Summary: 
    +-----+-----+-----+-----+---------+
    |  Latency  |  Interval | Pipeline|
    | min | max | min | max |   Type  |
    +-----+-----+-----+-----+---------+
    |    0|    0|    0|    0|   none  |
    +-----+-----+-----+-----+---------+

    + Detail: 
        * Instance: 
        N/A

        * Loop: 
        N/A

============================================================
+ Verbose Summary: Synthesis Manager
============================================================
InlineROM: 1
ExposeGlobal: 0
============================================================
+ Verbose Summary: CDFG Model
============================================================
IsTopModel: 1
ResetActiveHigh: 1
IsCombinational: 0
IsDatapathOnly: 0
HasWiredReturn: 1
HasMFsm: 0
HasVarLatency: 0
IsPipeline: 0
IsRtlPipelined: 0
IsInstanceOverlapped: 0
IsDontTouch: 0
HasImplIP: 0
IsGatedGlobalClock: 0


============================================================
+ Verbose Summary: Schedule
============================================================
* Number of FSM states : 1
* Pipeline : 0
* Dataflow Pipeline: 0

* FSM state transitions: 
1 --> 

* FSM state operations: 

State 1 <SV = 0> <Delay = 2.84>
ST_1 : Operation 2 [1/1] (0.00ns)   --->   "call void (...)* @_ssdm_op_SpecBitsMap(i16 0), !map !25"   --->   Operation 2 'specbitsmap' <Predicate = true> <Delay = 0.00>
ST_1 : Operation 3 [1/1] (0.00ns)   --->   "call void (...)* @_ssdm_op_SpecBitsMap(i16 %w_fxp_V), !map !31"   --->   Operation 3 'specbitsmap' <Predicate = true> <Delay = 0.00>
ST_1 : Operation 4 [1/1] (0.00ns)   --->   "call void (...)* @_ssdm_op_SpecBitsMap(i16 %x_fxp_V), !map !35"   --->   Operation 4 'specbitsmap' <Predicate = true> <Delay = 0.00>
ST_1 : Operation 5 [1/1] (0.00ns)   --->   "call void (...)* @_ssdm_op_SpecBitsMap(i16 %b_fxp_V), !map !39"   --->   Operation 5 'specbitsmap' <Predicate = true> <Delay = 0.00>
ST_1 : Operation 6 [1/1] (0.00ns)   --->   "call void (...)* @_ssdm_op_SpecTopModule([7 x i8]* @neuron_str) nounwind"   --->   Operation 6 'spectopmodule' <Predicate = true> <Delay = 0.00>
ST_1 : Operation 7 [1/1] (0.00ns)   --->   "%b_fxp_V_read = call i16 @_ssdm_op_Read.ap_auto.i16(i16 %b_fxp_V)" [neuron_FxP/neuron.cpp:53]   --->   Operation 7 'read' 'b_fxp_V_read' <Predicate = true> <Delay = 0.00>
ST_1 : Operation 8 [1/1] (0.00ns)   --->   "%x_fxp_V_read = call i16 @_ssdm_op_Read.ap_auto.i16(i16 %x_fxp_V)" [neuron_FxP/neuron.cpp:53]   --->   Operation 8 'read' 'x_fxp_V_read' <Predicate = true> <Delay = 0.00>
ST_1 : Operation 9 [1/1] (0.00ns)   --->   "%w_fxp_V_read = call i16 @_ssdm_op_Read.ap_auto.i16(i16 %w_fxp_V)" [neuron_FxP/neuron.cpp:53]   --->   Operation 9 'read' 'w_fxp_V_read' <Predicate = true> <Delay = 0.00>
ST_1 : Operation 10 [1/1] (0.00ns)   --->   "%sext_ln700 = sext i16 %w_fxp_V_read to i22" [neuron_FxP/neuron.cpp:53]   --->   Operation 10 'sext' 'sext_ln700' <Predicate = true> <Delay = 0.00>
ST_1 : Operation 11 [1/1] (0.00ns)   --->   "%sext_ln700_1 = sext i16 %x_fxp_V_read to i22" [neuron_FxP/neuron.cpp:53]   --->   Operation 11 'sext' 'sext_ln700_1' <Predicate = true> <Delay = 0.00>
ST_1 : Operation 12 [1/1] (0.63ns) (grouped into DSP with root node ret_V)   --->   "%mul_ln700 = mul i22 %sext_ln700, %sext_ln700_1" [neuron_FxP/neuron.cpp:53]   --->   Operation 12 'mul' 'mul_ln700' <Predicate = true> <Delay = 0.63> <Core = "DSP48">   --->   Core 88 'DSP48' <Latency = 0> <II = 1> <Delay = 2.84> <IPBlock> <Opcode : 'mul' 'add' 'sub' 'select'> <InPorts = 2> <OutPorts = 1> <Sync> <CReg>
ST_1 : Operation 13 [1/1] (0.00ns)   --->   "%rhs_V = call i22 @_ssdm_op_BitConcatenate.i22.i16.i6(i16 %b_fxp_V_read, i6 0)" [neuron_FxP/neuron.cpp:53]   --->   Operation 13 'bitconcatenate' 'rhs_V' <Predicate = true> <Delay = 0.00>
ST_1 : Operation 14 [1/1] (2.20ns) (root node of the DSP)   --->   "%ret_V = add i22 %mul_ln700, %rhs_V" [neuron_FxP/neuron.cpp:53]   --->   Operation 14 'add' 'ret_V' <Predicate = true> <Delay = 2.20> <Core = "DSP48">   --->   Core 88 'DSP48' <Latency = 0> <II = 1> <Delay = 2.84> <IPBlock> <Opcode : 'mul' 'add' 'sub' 'select'> <InPorts = 2> <OutPorts = 1> <Sync> <CReg>
ST_1 : Operation 15 [1/1] (0.00ns)   --->   "%out_V = call i16 @_ssdm_op_PartSelect.i16.i22.i32.i32(i22 %ret_V, i32 6, i32 21)" [neuron_FxP/neuron.cpp:53]   --->   Operation 15 'partselect' 'out_V' <Predicate = true> <Delay = 0.00>
ST_1 : Operation 16 [1/1] (0.00ns)   --->   "ret i16 %out_V" [neuron_FxP/neuron.cpp:55]   --->   Operation 16 'ret' <Predicate = true> <Delay = 0.00>


============================================================
+ Verbose Summary: Binding
============================================================
STG Binding: 
---------------- STG Properties BEGIN ----------------
- Is combinational: 1
- Is one-state seq: 0
- Is datapath-only: 0
- Is pipelined: 0
- Is top level: 1
Port [ Return ] is wired: 1; IO mode=ap_ctrl_hs:ce=0
Port [ w_fxp_V]:  wired=1; compound=0; hidden=0; nouse=0; global=0; static=0; extern=0; dir=0; type=0; pingpong=0; private_global=0; IO mode=ap_none:ce=0
Port [ x_fxp_V]:  wired=1; compound=0; hidden=0; nouse=0; global=0; static=0; extern=0; dir=0; type=0; pingpong=0; private_global=0; IO mode=ap_none:ce=0
Port [ b_fxp_V]:  wired=1; compound=0; hidden=0; nouse=0; global=0; static=0; extern=0; dir=0; type=0; pingpong=0; private_global=0; IO mode=ap_none:ce=0
---------------- STG Properties END ------------------

---------------- Datapath Model BEGIN ----------------

<LifeTime>
<method=bitvector/>
specbitsmap_ln0   (specbitsmap   ) [ 00]
specbitsmap_ln0   (specbitsmap   ) [ 00]
specbitsmap_ln0   (specbitsmap   ) [ 00]
specbitsmap_ln0   (specbitsmap   ) [ 00]
spectopmodule_ln0 (spectopmodule ) [ 00]
b_fxp_V_read      (read          ) [ 00]
x_fxp_V_read      (read          ) [ 00]
w_fxp_V_read      (read          ) [ 00]
sext_ln700        (sext          ) [ 00]
sext_ln700_1      (sext          ) [ 00]
mul_ln700         (mul           ) [ 00]
rhs_V             (bitconcatenate) [ 00]
ret_V             (add           ) [ 00]
out_V             (partselect    ) [ 00]
ret_ln55          (ret           ) [ 00]
</LifeTime>

<model>

<comp_list>
<comp id="0" class="1000" name="w_fxp_V">
<pin_list>
<pin id="1" dir="1" index="0" bw="1" slack="0"/>
</pin_list>
<bind>
<StgValue><ssdm name="w_fxp_V"/></StgValue>
</bind>
</comp>

<comp id="2" class="1000" name="x_fxp_V">
<pin_list>
<pin id="3" dir="1" index="0" bw="1" slack="0"/>
</pin_list>
<bind>
<StgValue><ssdm name="x_fxp_V"/></StgValue>
</bind>
</comp>

<comp id="4" class="1000" name="b_fxp_V">
<pin_list>
<pin id="5" dir="1" index="0" bw="1" slack="0"/>
</pin_list>
<bind>
<StgValue><ssdm name="b_fxp_V"/></StgValue>
</bind>
</comp>

<comp id="6" class="1001" name="const_6">
<pin_list>
<pin id="7" dir="1" index="0" bw="1" slack="2147483647"/>
</pin_list>
<bind>
<StgValue><ssdm name="_ssdm_op_SpecBitsMap"/></StgValue>
</bind>
</comp>

<comp id="8" class="1001" name="const_8">
<pin_list>
<pin id="9" dir="1" index="0" bw="1" slack="2147483647"/>
</pin_list>
<bind>
<StgValue><ssdm name=""/></StgValue>
</bind>
</comp>

<comp id="10" class="1001" name="const_10">
<pin_list>
<pin id="11" dir="1" index="0" bw="1" slack="2147483647"/>
</pin_list>
<bind>
<StgValue><ssdm name="_ssdm_op_SpecTopModule"/></StgValue>
</bind>
</comp>

<comp id="12" class="1001" name="const_12">
<pin_list>
<pin id="13" dir="1" index="0" bw="1" slack="2147483647"/>
</pin_list>
<bind>
<StgValue><ssdm name="neuron_str"/></StgValue>
</bind>
</comp>

<comp id="14" class="1001" name="const_14">
<pin_list>
<pin id="15" dir="1" index="0" bw="1" slack="0"/>
</pin_list>
<bind>
<StgValue><ssdm name="_ssdm_op_Read.ap_auto.i16"/></StgValue>
</bind>
</comp>

<comp id="16" class="1001" name="const_16">
<pin_list>
<pin id="17" dir="1" index="0" bw="1" slack="0"/>
</pin_list>
<bind>
<StgValue><ssdm name="_ssdm_op_BitConcatenate.i22.i16.i6"/></StgValue>
</bind>
</comp>

<comp id="18" class="1001" name="const_18">
<pin_list>
<pin id="19" dir="1" index="0" bw="1" slack="0"/>
</pin_list>
<bind>
<StgValue><ssdm name=""/></StgValue>
</bind>
</comp>

<comp id="20" class="1001" name="const_20">
<pin_list>
<pin id="21" dir="1" index="0" bw="1" slack="0"/>
</pin_list>
<bind>
<StgValue><ssdm name="_ssdm_op_PartSelect.i16.i22.i32.i32"/></StgValue>
</bind>
</comp>

<comp id="22" class="1001" name="const_22">
<pin_list>
<pin id="23" dir="1" index="0" bw="1" slack="0"/>
</pin_list>
<bind>
<StgValue><ssdm name=""/></StgValue>
</bind>
</comp>

<comp id="24" class="1001" name="const_24">
<pin_list>
<pin id="25" dir="1" index="0" bw="1" slack="0"/>
</pin_list>
<bind>
<StgValue><ssdm name=""/></StgValue>
</bind>
</comp>

<comp id="26" class="1004" name="b_fxp_V_read_read_fu_26">
<pin_list>
<pin id="27" dir="0" index="0" bw="16" slack="0"/>
<pin id="28" dir="0" index="1" bw="16" slack="0"/>
<pin id="29" dir="1" index="2" bw="16" slack="0"/>
</pin_list>
<bind>
<opcode="read(1150) " fcode="read"/>
<opset="b_fxp_V_read/1 "/>
</bind>
</comp>

<comp id="32" class="1004" name="x_fxp_V_read_read_fu_32">
<pin_list>
<pin id="33" dir="0" index="0" bw="16" slack="0"/>
<pin id="34" dir="0" index="1" bw="16" slack="0"/>
<pin id="35" dir="1" index="2" bw="16" slack="0"/>
</pin_list>
<bind>
<opcode="read(1150) " fcode="read"/>
<opset="x_fxp_V_read/1 "/>
</bind>
</comp>

<comp id="38" class="1004" name="w_fxp_V_read_read_fu_38">
<pin_list>
<pin id="39" dir="0" index="0" bw="16" slack="0"/>
<pin id="40" dir="0" index="1" bw="16" slack="0"/>
<pin id="41" dir="1" index="2" bw="16" slack="0"/>
</pin_list>
<bind>
<opcode="read(1150) " fcode="read"/>
<opset="w_fxp_V_read/1 "/>
</bind>
</comp>

<comp id="44" class="1004" name="sext_ln700_fu_44">
<pin_list>
<pin id="45" dir="0" index="0" bw="16" slack="0"/>
<pin id="46" dir="1" index="1" bw="22" slack="0"/>
</pin_list>
<bind>
<opcode="sext(35) " fcode="sext"/>
<opset="sext_ln700/1 "/>
</bind>
</comp>

<comp id="48" class="1004" name="sext_ln700_1_fu_48">
<pin_list>
<pin id="49" dir="0" index="0" bw="16" slack="0"/>
<pin id="50" dir="1" index="1" bw="22" slack="0"/>
</pin_list>
<bind>
<opcode="sext(35) " fcode="sext"/>
<opset="sext_ln700_1/1 "/>
</bind>
</comp>

<comp id="52" class="1004" name="rhs_V_fu_52">
<pin_list>
<pin id="53" dir="0" index="0" bw="22" slack="0"/>
<pin id="54" dir="0" index="1" bw="16" slack="0"/>
<pin id="55" dir="0" index="2" bw="1" slack="0"/>
<pin id="56" dir="1" index="3" bw="22" slack="0"/>
</pin_list>
<bind>
<opcode="bitconcatenate(1004) " fcode="bitconcatenate"/>
<opset="rhs_V/1 "/>
</bind>
</comp>

<comp id="60" class="1004" name="out_V_fu_60">
<pin_list>
<pin id="61" dir="0" index="0" bw="16" slack="0"/>
<pin id="62" dir="0" index="1" bw="22" slack="0"/>
<pin id="63" dir="0" index="2" bw="4" slack="0"/>
<pin id="64" dir="0" index="3" bw="6" slack="0"/>
<pin id="65" dir="1" index="4" bw="16" slack="2147483647"/>
</pin_list>
<bind>
<opcode="partselect(1002) " fcode="partselect"/>
<opset="out_V/1 "/>
</bind>
</comp>

<comp id="69" class="1007" name="grp_fu_69">
<pin_list>
<pin id="70" dir="0" index="0" bw="16" slack="0"/>
<pin id="71" dir="0" index="1" bw="16" slack="0"/>
<pin id="72" dir="0" index="2" bw="22" slack="0"/>
<pin id="73" dir="1" index="3" bw="22" slack="0"/>
</pin_list>
<bind>
<opcode="muladd(1172) " fcode="muladd"/>
<opset="mul_ln700/1 ret_V/1 "/>
</bind>
</comp>

</comp_list>

<net_list>
<net id="30"><net_src comp="14" pin="0"/><net_sink comp="26" pin=0"/></net>

<net id="31"><net_src comp="4" pin="0"/><net_sink comp="26" pin=1"/></net>

<net id="36"><net_src comp="14" pin="0"/><net_sink comp="32" pin=0"/></net>

<net id="37"><net_src comp="2" pin="0"/><net_sink comp="32" pin=1"/></net>

<net id="42"><net_src comp="14" pin="0"/><net_sink comp="38" pin=0"/></net>

<net id="43"><net_src comp="0" pin="0"/><net_sink comp="38" pin=1"/></net>

<net id="47"><net_src comp="38" pin="2"/><net_sink comp="44" pin=0"/></net>

<net id="51"><net_src comp="32" pin="2"/><net_sink comp="48" pin=0"/></net>

<net id="57"><net_src comp="16" pin="0"/><net_sink comp="52" pin=0"/></net>

<net id="58"><net_src comp="26" pin="2"/><net_sink comp="52" pin=1"/></net>

<net id="59"><net_src comp="18" pin="0"/><net_sink comp="52" pin=2"/></net>

<net id="66"><net_src comp="20" pin="0"/><net_sink comp="60" pin=0"/></net>

<net id="67"><net_src comp="22" pin="0"/><net_sink comp="60" pin=2"/></net>

<net id="68"><net_src comp="24" pin="0"/><net_sink comp="60" pin=3"/></net>

<net id="74"><net_src comp="44" pin="1"/><net_sink comp="69" pin=0"/></net>

<net id="75"><net_src comp="48" pin="1"/><net_sink comp="69" pin=1"/></net>

<net id="76"><net_src comp="52" pin="3"/><net_sink comp="69" pin=2"/></net>

<net id="77"><net_src comp="69" pin="3"/><net_sink comp="60" pin=1"/></net>

</net_list>

</model> 
---------------- Datapath Model END ------------------

* FSMD analyzer results:
  - Output states:
 - Input state : 
	Port: neuron : w_fxp_V | {1 }
	Port: neuron : x_fxp_V | {1 }
	Port: neuron : b_fxp_V | {1 }
  - Chain level:
	State 1
		mul_ln700 : 1
		ret_V : 2
		out_V : 3
		ret_ln55 : 4


============================================================
+ Verbose Summary: Datapath Resource usage 
============================================================

* Functional unit list:
|----------|-------------------------|---------|
| Operation|     Functional Unit     |  DSP48E |
|----------|-------------------------|---------|
|  muladd  |        grp_fu_69        |    1    |
|----------|-------------------------|---------|
|          | b_fxp_V_read_read_fu_26 |    0    |
|   read   | x_fxp_V_read_read_fu_32 |    0    |
|          | w_fxp_V_read_read_fu_38 |    0    |
|----------|-------------------------|---------|
|   sext   |     sext_ln700_fu_44    |    0    |
|          |    sext_ln700_1_fu_48   |    0    |
|----------|-------------------------|---------|
|bitconcatenate|       rhs_V_fu_52       |    0    |
|----------|-------------------------|---------|
|partselect|       out_V_fu_60       |    0    |
|----------|-------------------------|---------|
|   Total  |                         |    1    |
|----------|-------------------------|---------|

Memories:
N/A

* Register list:
N/A

* Multiplexer (MUX) list: 
|--------|------|------|------|--------|
|  Comp  |  Pin | Size |  BW  | S x BW |
|--------|------|------|------|--------|
|  Total |      |      |      |    0   |
|--------|------|------|------|--------|



* Summary:
+-----------+--------+
|           | DSP48E |
+-----------+--------+
|  Function |    1   |
|   Memory  |    -   |
|Multiplexer|    -   |
|  Register |    -   |
+-----------+--------+
|   Total   |    1   |
+-----------+--------+
