#-----------------------------------------------------------
# xsim v2019.1 (64-bit)
# SW Build 2552052 on Fri May 24 14:47:09 MDT 2019
# IP Build 2548770 on Fri May 24 18:01:18 MDT 2019
# Start of session at: Fri Jun  5 11:15:15 2026
# Process ID: 89535
# Current directory: /home/sten/vivado/Vivado/2019.1/neuron_FP/solution1/sim/verilog
# Command line: xsim -source {xsim.dir/neuron/xsim_script.tcl}
# Log file: /home/sten/vivado/Vivado/2019.1/neuron_FP/solution1/sim/verilog/xsim.log
# Journal file: /home/sten/vivado/Vivado/2019.1/neuron_FP/solution1/sim/verilog/xsim.jou
#-----------------------------------------------------------
start_gui
source xsim.dir/neuron/xsim_script.tcl
# set_param project.enableReportConfiguration 0
# load_feature core
# current_fileset
INFO: [IP_Flow 19-234] Refreshing IP repositories
INFO: [IP_Flow 19-1704] No user IP repositories specified
INFO: [IP_Flow 19-2313] Loaded Vivado IP repository '/home/sten/vivado/Vivado/2019.1/data/ip'.
# xsim {neuron} -view {{neuron_dataflow_ana.wcfg}} -tclbatch {neuron.tcl} -protoinst {neuron.protoinst}
Vivado Simulator 2019.1
INFO: [Wavedata 42-565] Reading protoinst file neuron.protoinst
INFO: [Wavedata 42-564]   Found protocol instance at /apatb_neuron_top/AESL_inst_neuron//AESL_inst_neuron_activity
Time resolution is 1 ps
open_wave_config neuron_dataflow_ana.wcfg
source neuron.tcl
## log_wave -r /
WARNING: [Simtcl 6-197] One or more HDL objects could not be logged because of object type or size limitations.  To see details please rerun the command with -verbose (-v).
## set designtopgroup [add_wave_group "Design Top Signals"]
## set coutputgroup [add_wave_group "C Outputs" -into $designtopgroup]
## set return_group [add_wave_group return(wire) -into $coutputgroup]
## add_wave /apatb_neuron_top/AESL_inst_neuron/ap_return -into $return_group -radix hex
## set cinputgroup [add_wave_group "C Inputs" -into $designtopgroup]
## set b_group [add_wave_group b(wire) -into $cinputgroup]
## add_wave /apatb_neuron_top/AESL_inst_neuron/b -into $b_group -radix hex
## set x_group [add_wave_group x(wire) -into $cinputgroup]
## add_wave /apatb_neuron_top/AESL_inst_neuron/x -into $x_group -radix hex
## set w_group [add_wave_group w(wire) -into $cinputgroup]
## add_wave /apatb_neuron_top/AESL_inst_neuron/w -into $w_group -radix hex
## set blocksiggroup [add_wave_group "Block-level IO Handshake" -into $designtopgroup]
## add_wave /apatb_neuron_top/AESL_inst_neuron/ap_start -into $blocksiggroup
## add_wave /apatb_neuron_top/AESL_inst_neuron/ap_done -into $blocksiggroup
## add_wave /apatb_neuron_top/AESL_inst_neuron/ap_idle -into $blocksiggroup
## add_wave /apatb_neuron_top/AESL_inst_neuron/ap_ready -into $blocksiggroup
## set resetgroup [add_wave_group "Reset" -into $designtopgroup]
## add_wave /apatb_neuron_top/AESL_inst_neuron/ap_rst -into $resetgroup
## set clockgroup [add_wave_group "Clock" -into $designtopgroup]
## add_wave /apatb_neuron_top/AESL_inst_neuron/ap_clk -into $clockgroup
## set testbenchgroup [add_wave_group "Test Bench Signals"]
## set tbinternalsiggroup [add_wave_group "Internal Signals" -into $testbenchgroup]
## set tb_simstatus_group [add_wave_group "Simulation Status" -into $tbinternalsiggroup]
## set tb_portdepth_group [add_wave_group "Port Depth" -into $tbinternalsiggroup]
## add_wave /apatb_neuron_top/AUTOTB_TRANSACTION_NUM -into $tb_simstatus_group -radix hex
## add_wave /apatb_neuron_top/ready_cnt -into $tb_simstatus_group -radix hex
## add_wave /apatb_neuron_top/done_cnt -into $tb_simstatus_group -radix hex
## add_wave /apatb_neuron_top/LENGTH_w -into $tb_portdepth_group -radix hex
## add_wave /apatb_neuron_top/LENGTH_x -into $tb_portdepth_group -radix hex
## add_wave /apatb_neuron_top/LENGTH_b -into $tb_portdepth_group -radix hex
## add_wave /apatb_neuron_top/LENGTH_ap_return -into $tb_portdepth_group -radix hex
## set tbcoutputgroup [add_wave_group "C Outputs" -into $testbenchgroup]
## set tb_return_group [add_wave_group return(wire) -into $tbcoutputgroup]
## add_wave /apatb_neuron_top/ap_return -into $tb_return_group -radix hex
## set tbcinputgroup [add_wave_group "C Inputs" -into $testbenchgroup]
## set tb_b_group [add_wave_group b(wire) -into $tbcinputgroup]
## add_wave /apatb_neuron_top/b -into $tb_b_group -radix hex
## set tb_x_group [add_wave_group x(wire) -into $tbcinputgroup]
## add_wave /apatb_neuron_top/x -into $tb_x_group -radix hex
## set tb_w_group [add_wave_group w(wire) -into $tbcinputgroup]
## add_wave /apatb_neuron_top/w -into $tb_w_group -radix hex
## save_wave_config neuron.wcfg
## run all
////////////////////////////////////////////////////////////////////////////////////
// Inter-Transaction Progress: Completed Transaction / Total Transaction
// Intra-Transaction Progress: Measured Latency / Latency Estimation * 100%
//
// RTL Simulation : "Inter-Transaction Progress" ["Intra-Transaction Progress"] @ "Simulation Time"
////////////////////////////////////////////////////////////////////////////////////
// RTL Simulation : 0 / 11 [0.00%] @ "125000"
Warning: OPMODE Input Warning : The OPMODE 0110X0X with CARRYINSEL  000 to DSP48E1 instance is invalid.
Time: 155 ns  Iteration: 12  Process: /apatb_neuron_top/AESL_inst_neuron/neuron_fadd_32ns_32ns_32_4_full_dsp_1_U1/neuron_ap_fadd_2_full_dsp_32_u/U0/i_synth/addsub_op/ADDSUB/dsp/OP/dsp48e1_body/ALIGN_ADD/DSP2/DSP/prcs_opmode_drc  File: /home/sten/vivado/Vivado/2019.1/data/vhdl/src/unisims/primitive/DSP48E1.vhd
// RTL Simulation : 1 / 11 [100.00%] @ "205000"
// RTL Simulation : 2 / 11 [100.00%] @ "275000"
// RTL Simulation : 3 / 11 [100.00%] @ "345000"
// RTL Simulation : 4 / 11 [100.00%] @ "415000"
// RTL Simulation : 5 / 11 [100.00%] @ "485000"
// RTL Simulation : 6 / 11 [100.00%] @ "555000"
// RTL Simulation : 7 / 11 [100.00%] @ "625000"
// RTL Simulation : 8 / 11 [100.00%] @ "695000"
// RTL Simulation : 9 / 11 [100.00%] @ "765000"
// RTL Simulation : 10 / 11 [100.00%] @ "835000"
// RTL Simulation : 11 / 11 [100.00%] @ "905000"
////////////////////////////////////////////////////////////////////////////////////
$finish called at time : 945 ns : File "/home/sten/vivado/Vivado/2019.1/neuron_FP/solution1/sim/verilog/neuron.autotb.v" Line 380
close_sim
INFO: [Simtcl 6-16] Simulation closed
exit
INFO: [Common 17-206] Exiting xsim at Fri Jun  5 11:18:20 2026...
